2025-03-05 00:27:54.3847 INFO App is Running 
2025-03-05 00:28:02.7901 INFO Now listening on: https://localhost:7247 
2025-03-05 00:28:02.8216 INFO Now listening on: http://localhost:5183 
2025-03-05 00:28:03.3836 INFO Application started. Press Ctrl+C to shut down. 
2025-03-05 00:28:03.3836 INFO Hosting environment: Development 
2025-03-05 00:28:03.3836 INFO Content root path: C:\Users\NIKHIL PRATAP\Desktop\training\pro\UC3\HelloGreetingApplication\ 
2025-03-05 01:27:05.9983 INFO App is Running 
2025-03-05 01:27:14.3594 INFO Now listening on: https://localhost:7247 
2025-03-05 01:27:14.4292 INFO Now listening on: http://localhost:5183 
2025-03-05 01:27:16.1733 INFO Application started. Press Ctrl+C to shut down. 
2025-03-05 01:27:16.1733 INFO Hosting environment: Development 
2025-03-05 01:27:16.1733 INFO Content root path: C:\Users\NIKHIL PRATAP\Desktop\training\pro\UC5\HelloGreetingApplication\ 
2025-03-05 01:27:35.3014 INFO Request starting HTTP/2 GET https://localhost:7247/Swagger - - 
2025-03-05 01:27:35.3014 INFO Request starting HTTP/2 GET https://localhost:7247/Swagger/index.html - - 
2025-03-05 01:27:51.3016 INFO Request finished HTTP/2 GET https://localhost:7247/Swagger - - - 0 - - 17306.2303ms 
2025-03-05 01:27:51.9526 INFO Request finished HTTP/2 GET https://localhost:7247/Swagger/index.html - - - 200 - text/html;charset=utf-8 17978.5273ms 
2025-03-05 01:27:52.3146 INFO Request starting HTTP/2 GET https://localhost:7247/Swagger/swagger-ui.css - - 
2025-03-05 01:27:52.3146 INFO Request starting HTTP/2 GET https://localhost:7247/_framework/aspnetcore-browser-refresh.js - - 
2025-03-05 01:27:52.3146 INFO Request starting HTTP/2 GET https://localhost:7247/Swagger/index.css - - 
2025-03-05 01:27:52.3146 INFO Request starting HTTP/2 GET https://localhost:7247/Swagger/index.js - - 
2025-03-05 01:27:52.3269 INFO Request finished HTTP/2 GET https://localhost:7247/Swagger/index.js - - - 200 - application/javascript;charset=utf-8 10.5857ms 
2025-03-05 01:27:52.3269 INFO Request starting HTTP/2 GET https://localhost:7247/_vs/browserLink - - 
2025-03-05 01:27:52.4252 INFO Request finished HTTP/2 GET https://localhost:7247/_framework/aspnetcore-browser-refresh.js - - - 200 12380 application/javascript;+charset=utf-8 110.6414ms 
2025-03-05 01:27:52.6490 INFO Sending file. Request path: '/index.css'. Physical path: 'N/A' 
2025-03-05 01:27:52.6490 INFO Request finished HTTP/2 GET https://localhost:7247/Swagger/index.css - - - 200 202 text/css 334.8911ms 
2025-03-05 01:27:52.6927 INFO Sending file. Request path: '/swagger-ui.css'. Physical path: 'N/A' 
2025-03-05 01:27:52.6927 INFO Request finished HTTP/2 GET https://localhost:7247/Swagger/swagger-ui.css - - - 200 154948 text/css 379.0653ms 
2025-03-05 01:27:52.8991 INFO Request starting HTTP/2 GET https://localhost:7247/Swagger/swagger-ui-standalone-preset.js - - 
2025-03-05 01:27:52.8991 INFO Request starting HTTP/2 GET https://localhost:7247/Swagger/swagger-ui-bundle.js - - 
2025-03-05 01:27:53.2947 INFO The file /swagger-ui-bundle.js was not modified 
2025-03-05 01:27:53.2947 INFO The file /swagger-ui-standalone-preset.js was not modified 
2025-03-05 01:27:53.2947 INFO Request finished HTTP/2 GET https://localhost:7247/Swagger/swagger-ui-bundle.js - - - 304 - application/javascript 396.1378ms 
2025-03-05 01:27:53.2947 INFO Request finished HTTP/2 GET https://localhost:7247/Swagger/swagger-ui-standalone-preset.js - - - 304 - application/javascript 396.7855ms 
2025-03-05 01:27:53.5997 INFO Request finished HTTP/2 GET https://localhost:7247/_vs/browserLink - - - 200 - text/javascript;+charset=UTF-8 1271.9684ms 
2025-03-05 01:27:53.6215 INFO Request starting HTTP/2 GET https://localhost:7247/Swagger/favicon-16x16.png - - 
2025-03-05 01:27:53.6240 INFO Sending file. Request path: '/favicon-16x16.png'. Physical path: 'N/A' 
2025-03-05 01:27:53.6240 INFO Request finished HTTP/2 GET https://localhost:7247/Swagger/favicon-16x16.png - - - 200 665 image/png 4.4239ms 
2025-03-05 01:27:53.8860 INFO Request starting HTTP/2 GET https://localhost:7247/Swagger/v1/swagger.json - - 
2025-03-05 01:27:54.1394 INFO Request finished HTTP/2 GET https://localhost:7247/Swagger/v1/swagger.json - - - 200 - application/json;charset=utf-8 253.3829ms 
2025-03-05 01:31:03.4091 INFO App is Running 
2025-03-05 01:31:04.1131 ERROR An error occurred while starting the application Microsoft.Extensions.Hosting.HostFactoryResolver+HostingListener+StopTheHostException: Exception of type 'Microsoft.Extensions.Hosting.HostFactoryResolver+HostingListener+StopTheHostException' was thrown.
   at Microsoft.Extensions.Hosting.HostFactoryResolver.HostingListener.OnNext(KeyValuePair`2 value)
   at System.Diagnostics.DiagnosticListener.Write(String name, Object value)
   at Microsoft.Extensions.Hosting.HostBuilder.Build()
   at Microsoft.AspNetCore.Builder.WebApplicationBuilder.Build()
   at Program.<Main>$(String[] args) in C:\Users\NIKHIL PRATAP\Desktop\training\pro\UC5\HelloGreetingApplication\Program.cs:line 38
2025-03-05 01:31:35.4691 INFO App is Running 
2025-03-05 01:31:35.8188 ERROR An error occurred while starting the application Microsoft.Extensions.Hosting.HostFactoryResolver+HostingListener+StopTheHostException: Exception of type 'Microsoft.Extensions.Hosting.HostFactoryResolver+HostingListener+StopTheHostException' was thrown.
   at Microsoft.Extensions.Hosting.HostFactoryResolver.HostingListener.OnNext(KeyValuePair`2 value)
   at System.Diagnostics.DiagnosticListener.Write(String name, Object value)
   at Microsoft.Extensions.Hosting.HostBuilder.Build()
   at Microsoft.AspNetCore.Builder.WebApplicationBuilder.Build()
   at Program.<Main>$(String[] args) in C:\Users\NIKHIL PRATAP\Desktop\training\pro\UC5\HelloGreetingApplication\Program.cs:line 38
2025-03-05 01:32:43.6835 INFO App is Running 
2025-03-05 01:32:43.9167 ERROR An error occurred while starting the application Microsoft.Extensions.Hosting.HostFactoryResolver+HostingListener+StopTheHostException: Exception of type 'Microsoft.Extensions.Hosting.HostFactoryResolver+HostingListener+StopTheHostException' was thrown.
   at Microsoft.Extensions.Hosting.HostFactoryResolver.HostingListener.OnNext(KeyValuePair`2 value)
   at System.Diagnostics.DiagnosticListener.Write(String name, Object value)
   at Microsoft.Extensions.Hosting.HostBuilder.Build()
   at Microsoft.AspNetCore.Builder.WebApplicationBuilder.Build()
   at Program.<Main>$(String[] args) in C:\Users\NIKHIL PRATAP\Desktop\training\pro\UC5\HelloGreetingApplication\Program.cs:line 38
